\BOOKMARK [0][-]{section*.3}{\376\377\000A\000c\000r\000o\000n\000y\000m\000s}{}% 1
\BOOKMARK [0][-]{chapter.1}{\376\377\0001\000\040\000I\000n\000t\000r\000o\000d\000u\000c\000t\000i\000o\000n}{}% 2
\BOOKMARK [1][-]{section.1.1}{\376\377\0001\000.\0001\000\040\000M\000o\000t\000i\000v\000a\000t\000i\000o\000n\000\040\000a\000n\000d\000\040\000S\000c\000o\000p\000e}{chapter.1}% 3
\BOOKMARK [1][-]{section.1.2}{\376\377\0001\000.\0002\000\040\000D\000o\000c\000u\000m\000e\000n\000t\000\040\000S\000t\000r\000u\000c\000t\000u\000r\000e}{chapter.1}% 4
\BOOKMARK [0][-]{chapter.2}{\376\377\0002\000\040\000T\000h\000e\000\040\000M\000o\000d\000e\000l\040\023\000V\000i\000e\000w\040\023\000C\000o\000n\000t\000r\000o\000l\000l\000e\000r\000\040\000P\000a\000t\000t\000e\000r\000n}{}% 5
\BOOKMARK [1][-]{section.2.1}{\376\377\0002\000.\0001\000\040\000D\000e\000s\000i\000g\000n\000\040\000P\000a\000t\000t\000e\000r\000n\000s\000\040\000i\000n\000\040\000S\000o\000f\000t\000w\000a\000r\000e\000\040\000E\000n\000g\000i\000n\000e\000e\000r\000i\000n\000g}{chapter.2}% 6
\BOOKMARK [1][-]{section.2.2}{\376\377\0002\000.\0002\000\040\000H\000i\000s\000t\000o\000r\000y\000\040\000a\000n\000d\000\040\000I\000n\000t\000e\000r\000p\000r\000e\000t\000a\000t\000i\000o\000n\000\040\000o\000f\000\040\000M\000V\000C}{chapter.2}% 7
\BOOKMARK [2][-]{subsection.2.2.1}{\376\377\0002\000.\0002\000.\0001\000\040\000O\000r\000i\000g\000i\000n\000s\000\040\000o\000f\000\040\000M\000V\000C\000\040\000i\000n\000\040\000S\000m\000a\000l\000l\000t\000a\000l\000k\000-\0008\0000}{section.2.2}% 8
\BOOKMARK [2][-]{subsection.2.2.2}{\376\377\0002\000.\0002\000.\0002\000\040\000M\000V\000C\000\040\000C\000o\000m\000p\000o\000n\000e\000n\000t\000s}{section.2.2}% 9
\BOOKMARK [2][-]{subsection.2.2.3}{\376\377\0002\000.\0002\000.\0003\000\040\000M\000o\000d\000e\000l\000,\000\040\000V\000i\000e\000w\000\040\000a\000n\000d\000\040\000C\000o\000n\000t\000r\000o\000l\000l\000e\000r\000\040\000i\000n\000\040\000I\000n\000t\000e\000r\000a\000c\000t\000i\000o\000n}{section.2.2}% 10
\BOOKMARK [1][-]{section.2.3}{\376\377\0002\000.\0003\000\040\000P\000a\000t\000t\000e\000r\000n\000\040\000V\000a\000r\000i\000a\000t\000i\000o\000n\000s}{chapter.2}% 11
\BOOKMARK [2][-]{subsection.2.3.1}{\376\377\0002\000.\0003\000.\0001\000\040\000M\000o\000d\000e\000l\040\023\000V\000i\000e\000w\040\023\000P\000r\000e\000s\000e\000n\000t\000e\000r}{section.2.3}% 12
\BOOKMARK [2][-]{subsection.2.3.2}{\376\377\0002\000.\0003\000.\0002\000\040\000M\000o\000d\000e\000l\040\023\000V\000i\000e\000w\040\023\000V\000i\000e\000w\000M\000o\000d\000e\000l}{section.2.3}% 13
\BOOKMARK [2][-]{subsection.2.3.3}{\376\377\0002\000.\0003\000.\0003\000\040\000C\000o\000m\000p\000a\000r\000i\000s\000o\000n\000\040\000o\000f\000\040\000M\000V\000C\000,\000\040\000M\000V\000P\000\040\000a\000n\000d\000\040\000M\000V\000V\000M}{section.2.3}% 14
\BOOKMARK [0][-]{chapter.3}{\376\377\0003\000\040\000W\000e\000b\000\040\000A\000p\000p\000l\000i\000c\000a\000t\000i\000o\000n\000\040\000A\000r\000c\000h\000i\000t\000e\000c\000t\000u\000r\000e}{}% 15
\BOOKMARK [1][-]{section.3.1}{\376\377\0003\000.\0001\000\040\000S\000u\000p\000p\000o\000r\000t\000i\000n\000g\000\040\000T\000e\000c\000h\000n\000o\000l\000o\000g\000i\000e\000s}{chapter.3}% 16
\BOOKMARK [2][-]{subsection.3.1.1}{\376\377\0003\000.\0001\000.\0001\000\040\000S\000e\000r\000v\000e\000r\000\040\000S\000i\000d\000e}{section.3.1}% 17
\BOOKMARK [2][-]{subsection.3.1.2}{\376\377\0003\000.\0001\000.\0002\000\040\000C\000l\000i\000e\000n\000t\000\040\000S\000i\000d\000e}{section.3.1}% 18
\BOOKMARK [1][-]{section.3.2}{\376\377\0003\000.\0002\000\040\000C\000l\000i\000e\000n\000t\040\023\000S\000e\000r\000v\000e\000r\000\040\000A\000r\000c\000h\000i\000t\000e\000c\000t\000u\000r\000e\000\040\000o\000n\000\040\000t\000h\000e\000\040\000W\000e\000b}{chapter.3}% 19
\BOOKMARK [2][-]{subsection.3.2.1}{\376\377\0003\000.\0002\000.\0001\000\040\000T\000e\000r\000m\000i\000n\000o\000l\000o\000g\000y}{section.3.2}% 20
\BOOKMARK [2][-]{subsection.3.2.2}{\376\377\0003\000.\0002\000.\0002\000\040\000T\000h\000i\000n\000\040\000C\000l\000i\000e\000n\000t}{section.3.2}% 21
\BOOKMARK [2][-]{subsection.3.2.3}{\376\377\0003\000.\0002\000.\0003\000\040\000R\000i\000c\000h\000\040\000C\000l\000i\000e\000n\000t}{section.3.2}% 22
\BOOKMARK [0][-]{chapter.4}{\376\377\0004\000\040\000A\000p\000p\000l\000i\000c\000a\000b\000i\000l\000i\000t\000y\000\040\000o\000f\000\040\000D\000i\000f\000f\000e\000r\000e\000n\000t\000\040\000M\000V\000C\000\040\000A\000r\000c\000h\000i\000t\000e\000c\000t\000u\000r\000e\000s\000\040\000f\000o\000r\000\040\000W\000e\000b\000\040\000A\000p\000p\000l\000i\000c\000a\000t\000i\000o\000n\000s}{}% 23
\BOOKMARK [1][-]{section.4.1}{\376\377\0004\000.\0001\000\040\000E\000v\000a\000l\000u\000a\000t\000i\000o\000n\000\040\000C\000r\000i\000t\000e\000r\000i\000a}{chapter.4}% 24
\BOOKMARK [2][-]{subsection.4.1.1}{\376\377\0004\000.\0001\000.\0001\000\040\000D\000a\000t\000a\000\040\000M\000o\000d\000e\000l\000\040\000C\000o\000m\000p\000l\000e\000x\000i\000t\000y}{section.4.1}% 25
\BOOKMARK [2][-]{subsection.4.1.2}{\376\377\0004\000.\0001\000.\0002\000\040\000R\000e\000a\000l\000-\000t\000i\000m\000e\000\040\000M\000o\000d\000e\000l\000\040\000S\000y\000n\000c\000h\000r\000o\000n\000i\000z\000a\000t\000i\000o\000n}{section.4.1}% 26
\BOOKMARK [2][-]{subsection.4.1.3}{\376\377\0004\000.\0001\000.\0003\000\040\000D\000a\000t\000a\000\040\000V\000o\000l\000u\000m\000e}{section.4.1}% 27
\BOOKMARK [1][-]{section.4.2}{\376\377\0004\000.\0002\000\040\000M\000V\000C\000\040\000A\000r\000c\000h\000i\000t\000e\000c\000t\000u\000r\000e\000s\000\040\000i\000n\000\040\000W\000e\000b\000\040\000A\000p\000p\000l\000i\000c\000a\000t\000i\000o\000n\000s}{chapter.4}% 28
\BOOKMARK [2][-]{subsection.4.2.1}{\376\377\0004\000.\0002\000.\0001\000\040\000S\000e\000r\000v\000e\000r\000\040\000S\000i\000d\000e\000\040\000M\000V\000C\000\040\000A\000r\000c\000h\000i\000t\000e\000c\000t\000u\000r\000e}{section.4.2}% 29
\BOOKMARK [2][-]{subsection.4.2.2}{\376\377\0004\000.\0002\000.\0002\000\040\000D\000i\000s\000t\000r\000i\000b\000u\000t\000e\000d\000\040\000C\000o\000n\000t\000r\000o\000l\000l\000e\000r\000\040\000M\000V\000C\000\040\000A\000r\000c\000h\000i\000t\000e\000c\000t\000u\000r\000e}{section.4.2}% 30
\BOOKMARK [2][-]{subsection.4.2.3}{\376\377\0004\000.\0002\000.\0003\000\040\000S\000y\000n\000c\000h\000r\000o\000n\000i\000z\000e\000d\000\040\000M\000o\000d\000e\000l\000\040\000M\000V\000C\000\040\000A\000r\000c\000h\000i\000t\000e\000c\000t\000u\000r\000e}{section.4.2}% 31
\BOOKMARK [2][-]{subsection.4.2.4}{\376\377\0004\000.\0002\000.\0004\000\040\000R\000i\000c\000h\000\040\000C\000l\000i\000e\000n\000t\000\040\000M\000V\000C\000\040\000A\000r\000c\000h\000i\000t\000e\000c\000t\000u\000r\000e}{section.4.2}% 32
\BOOKMARK [2][-]{subsection.4.2.5}{\376\377\0004\000.\0002\000.\0005\000\040\000C\000o\000m\000p\000a\000r\000i\000s\000o\000n\000\040\000a\000n\000d\000\040\000C\000o\000n\000c\000l\000u\000s\000i\000o\000n}{section.4.2}% 33
\BOOKMARK [0][-]{chapter.5}{\376\377\0005\000\040\000M\000V\000C\000\040\000i\000n\000\040\000I\000B\000M\000\040\000C\000o\000n\000t\000e\000n\000t\000\040\000N\000a\000v\000i\000g\000a\000t\000o\000r}{}% 34
\BOOKMARK [1][-]{section.5.1}{\376\377\0005\000.\0001\000\040\000A\000r\000c\000h\000i\000t\000e\000c\000t\000u\000r\000e\000\040\000a\000n\000d\000\040\000E\000x\000t\000e\000n\000s\000i\000o\000n\000\040\000P\000o\000i\000n\000t\000s}{chapter.5}% 35
\BOOKMARK [2][-]{subsection.5.1.1}{\376\377\0005\000.\0001\000.\0001\000\040\000A\000r\000c\000h\000i\000t\000e\000c\000t\000u\000r\000e\000:\000\040\000L\000a\000y\000e\000r\000s\000\040\000a\000n\000d\000\040\000C\000o\000m\000p\000o\000n\000e\000n\000t\000s}{section.5.1}% 36
\BOOKMARK [2][-]{subsection.5.1.2}{\376\377\0005\000.\0001\000.\0002\000\040\000E\000x\000t\000e\000n\000s\000i\000o\000n\000\040\000P\000o\000i\000n\000t\000s\000:\000\040\000P\000l\000u\000g\040\023\000i\000n\000s}{section.5.1}% 37
\BOOKMARK [2][-]{subsection.5.1.3}{\376\377\0005\000.\0001\000.\0003\000\040\000D\000e\000p\000l\000o\000y\000m\000e\000n\000t\000\040\000a\000n\000d\000\040\000C\000o\000n\000f\000i\000g\000u\000r\000a\000t\000i\000o\000n}{section.5.1}% 38
\BOOKMARK [1][-]{section.5.2}{\376\377\0005\000.\0002\000\040\000D\000o\000j\000o\000\040\000M\000o\000d\000e\000l\040\023\000V\000i\000e\000w\040\023\000C\000o\000n\000t\000r\000o\000l\000l\000e\000r}{chapter.5}% 39
\BOOKMARK [2][-]{subsection.5.2.1}{\376\377\0005\000.\0002\000.\0001\000\040\000D\000o\000j\000o\000\040\000B\000a\000s\000i\000c\000s}{section.5.2}% 40
\BOOKMARK [2][-]{subsection.5.2.2}{\376\377\0005\000.\0002\000.\0002\000\040\000M\000V\000C\000\040\000C\000o\000m\000p\000o\000n\000e\000n\000t\000s}{section.5.2}% 41
\BOOKMARK [1][-]{section.5.3}{\376\377\0005\000.\0003\000\040\000I\000m\000p\000l\000e\000m\000e\000n\000t\000a\000t\000i\000o\000n\000\040\000o\000f\000\040\000a\000\040\000L\000o\000g\000\040\000A\000n\000a\000l\000y\000s\000i\000s\000\040\000P\000l\000u\000g\040\023\000i\000n}{chapter.5}% 42
\BOOKMARK [2][-]{subsection.5.3.1}{\376\377\0005\000.\0003\000.\0001\000\040\000M\000o\000t\000i\000v\000a\000t\000i\000o\000n}{section.5.3}% 43
\BOOKMARK [2][-]{subsection.5.3.2}{\376\377\0005\000.\0003\000.\0002\000\040\000T\000h\000e\000\040\000R\000E\000S\000T\000\040\000s\000e\000r\000v\000i\000c\000e}{section.5.3}% 44
\BOOKMARK [2][-]{subsection.5.3.3}{\376\377\0005\000.\0003\000.\0003\000\040\000I\000m\000p\000l\000e\000m\000e\000n\000t\000a\000t\000i\000o\000n}{section.5.3}% 45
\BOOKMARK [2][-]{subsection.5.3.4}{\376\377\0005\000.\0003\000.\0004\000\040\000I\000m\000p\000l\000e\000m\000e\000n\000t\000a\000t\000i\000o\000n\000\040\000o\000f\000\040\000a\000\040\000c\000u\000s\000t\000o\000m\000\040\000M\000o\000d\000e\000l\040\023\000V\000i\000e\000w\040\023\000C\000o\000n\000t\000r\000o\000l\000l\000e\000r\000\040\000t\000r\000i\000a\000d}{section.5.3}% 46
\BOOKMARK [0][-]{chapter.6}{\376\377\0006\000\040\000C\000o\000n\000c\000l\000u\000s\000i\000o\000n\000\040\000\046\000\040\000O\000u\000t\000l\000o\000o\000k}{}% 47
\BOOKMARK [1][-]{section.6.1}{\376\377\0006\000.\0001\000\040\000T\000h\000e\000\040\000U\000n\000h\000o\000s\000t\000e\000d\000\040\000M\000o\000v\000e\000m\000e\000n\000t}{chapter.6}% 48
\BOOKMARK [1][-]{section.6.2}{\376\377\0006\000.\0002\000\040\000T\000o\000d\000o\000M\000V\000C}{chapter.6}% 49
\BOOKMARK [0][-]{section*.80}{\376\377\000B\000i\000b\000l\000i\000o\000g\000r\000a\000p\000h\000y}{}% 50
