\BOOKMARK [0][-]{section*.2}{\376\377\000A\000c\000r\000o\000n\000y\000m\000s}{}% 1
\BOOKMARK [0][-]{chapter.1}{\376\377\0001\000\040\000I\000n\000t\000r\000o\000d\000u\000c\000t\000i\000o\000n}{}% 2
\BOOKMARK [0][-]{chapter.2}{\376\377\0002\000\040\000R\000e\000s\000e\000a\000r\000c\000h\000,\000\040\000F\000r\000a\000m\000e\000w\000o\000r\000k}{}% 3
\BOOKMARK [1][-]{section.2.1}{\376\377\0002\000.\0001\000\040\000H\000i\000s\000t\000o\000r\000y\000\040\000a\000n\000d\000\040\000r\000o\000l\000e\000\040\000o\000f\000\040\000I\000D\000E\000s}{chapter.2}% 4
\BOOKMARK [1][-]{section.2.2}{\376\377\0002\000.\0002\000\040\000U\000I\000\040\000a\000n\000d\000\040\000I\000n\000t\000e\000r\000a\000c\000t\000i\000o\000n\000\040\000P\000a\000t\000t\000e\000r\000n\000s\000\040\000i\000n\000\040\000I\000D\000E\000s}{chapter.2}% 5
\BOOKMARK [2][-]{subsection.2.2.1}{\376\377\0002\000.\0002\000.\0001\000\040\000U\000I\000\040\000P\000a\000t\000t\000e\000r\000n\000s}{section.2.2}% 6
\BOOKMARK [2][-]{subsection.2.2.2}{\376\377\0002\000.\0002\000.\0002\000\040\000I\000n\000t\000e\000r\000a\000c\000t\000i\000o\000n\000/\000b\000e\000h\000a\000v\000i\000o\000r\000a\000l\000\040\000p\000a\000t\000t\000e\000r\000n\000s\000:}{section.2.2}% 7
\BOOKMARK [1][-]{section.2.3}{\376\377\0002\000.\0003\000\040\000R\000e\000l\000e\000v\000a\000n\000t\000\040\000p\000r\000o\000g\000r\000a\000m\000m\000i\000n\000g\000\040\000c\000o\000n\000c\000e\000p\000t\000s}{chapter.2}% 8
\BOOKMARK [2][-]{subsection.2.3.1}{\376\377\0002\000.\0003\000.\0001\000\040\000R\000u\000n\000\040\000t\000i\000m\000e}{section.2.3}% 9
\BOOKMARK [2][-]{subsection.2.3.2}{\376\377\0002\000.\0003\000.\0002\000\040\000S\000y\000n\000t\000a\000x\000\040\000\046\000\040\000S\000e\000m\000a\000n\000t\000i\000c\000s}{section.2.3}% 10
\BOOKMARK [2][-]{subsection.2.3.3}{\376\377\0002\000.\0003\000.\0003\000\040\000S\000c\000o\000p\000e\000\040\000\046\000\040\000C\000o\000n\000t\000e\000x\000t}{section.2.3}% 11
\BOOKMARK [1][-]{section.2.4}{\376\377\0002\000.\0004\000\040\000S\000u\000r\000v\000e\000y\000\040\000\046\000\040\000I\000n\000t\000e\000r\000v\000i\000e\000w\000s}{chapter.2}% 12
\BOOKMARK [0][-]{chapter.3}{\376\377\0003\000\040\000D\000e\000s\000i\000g\000n\000\040\000\046\000\040\000P\000r\000o\000c\000e\000s\000s}{}% 13
\BOOKMARK [1][-]{section.3.1}{\376\377\0003\000.\0001\000\040\000P\000r\000o\000c\000e\000s\000s}{chapter.3}% 14
\BOOKMARK [1][-]{section.3.2}{\376\377\0003\000.\0002\000\040\000E\000x\000i\000s\000t\000i\000n\000g\000\040\000s\000o\000l\000u\000t\000i\000o\000n\000s\000\040\000\046\000\040\000i\000n\000s\000p\000i\000r\000a\000t\000i\000o\000n\000,\000\040\000s\000i\000m\000i\000l\000a\000r\000\040\000s\000o\000l\000u\000t\000i\000o\000n\000s\000\040\000\050\000I\000D\000E\000A\000T\000I\000O\000N\000\051}{chapter.3}% 15
\BOOKMARK [1][-]{section.3.3}{\376\377\0003\000.\0003\000\040\000I\000D\000E\000A\000T\000I\000O\000N}{chapter.3}% 16
\BOOKMARK [1][-]{section.3.4}{\376\377\0003\000.\0004\000\040\000C\000O\000N\000C\000E\000P\000T\000S}{chapter.3}% 17
\BOOKMARK [1][-]{section.3.5}{\376\377\0003\000.\0005\000\040\000P\000R\000O\000T\000O\000T\000Y\000P\000I\000N\000G}{chapter.3}% 18
\BOOKMARK [1][-]{section.3.6}{\376\377\0003\000.\0006\000\040\000U\000S\000E\000R\000\040\000T\000E\000S\000T\000I\000N\000G\000,\000\040\000\050\000P\000r\000o\000b\000e\000\051\000\040\000\050\0001\000\040\000w\000e\000e\000k\000\051}{chapter.3}% 19
\BOOKMARK [0][-]{chapter.4}{\376\377\0004\000\040\000C\000o\000n\000c\000l\000u\000s\000i\000o\000n\000,\000\040\000R\000e\000f\000l\000e\000c\000t\000i\000o\000n}{}% 20
\BOOKMARK [0][-]{section*.5}{\376\377\000B\000i\000b\000l\000i\000o\000g\000r\000a\000p\000h\000y}{}% 21
